# JRE version: OpenJDK Runtime Environment (11.0.8+10) (build 11.0.8+10-b944.6842174)
# Java VM: OpenJDK 64-Bit Server VM (11.0.8+10-b944.6842174, mixed mode, tiered, compressed oops, g1 gc, windows-amd64)
Heap:
 garbage-first heap   total 499712K, used 202006K [0x00000000b5000000, 0x0000000100000000)
  region size 1024K, 3 young (3072K), 3 survivors (3072K)
 Metaspace       used 115644K, capacity 118762K, committed 119048K, reserved 1153024K
  class space    used 14865K, capacity 16058K, committed 16128K, reserved 1048576K
GC Heap History (20 events):
Event: 42.054 GC heap after
{Heap after GC invocations=70 (full 0):
 garbage-first heap   total 187392K, used 157032K [0x00000000b5000000, 0x0000000100000000)
  region size 1024K, 2 young (2048K), 2 survivors (2048K)
 Metaspace       used 111650K, capacity 114555K, committed 114824K, reserved 1148928K
  class space    used 14124K, capacity 15176K, committed 15232K, reserved 1048576K
}
Event: 42.087 GC heap before
{Heap before GC invocations=70 (full 0):
 garbage-first heap   total 187392K, used 163176K [0x00000000b5000000, 0x0000000100000000)
  region size 1024K, 9 young (9216K), 2 survivors (2048K)
 Metaspace       used 111681K, capacity 114621K, committed 114824K, reserved 1148928K
  class space    used 14124K, capacity 15176K, committed 15232K, reserved 1048576K
}
Event: 42.091 GC heap after
{Heap after GC invocations=71 (full 0):
 garbage-first heap   total 187392K, used 160564K [0x00000000b5000000, 0x0000000100000000)
  region size 1024K, 2 young (2048K), 2 survivors (2048K)
 Metaspace       used 111681K, capacity 114621K, committed 114824K, reserved 1148928K
  class space    used 14124K, capacity 15176K, committed 15232K, reserved 1048576K
}
Event: 42.111 GC heap before
{Heap before GC invocations=71 (full 0):
 garbage-first heap   total 187392K, used 167732K [0x00000000b5000000, 0x0000000100000000)
  region size 1024K, 9 young (9216K), 2 survivors (2048K)
 Metaspace       used 111726K, capacity 114633K, committed 114824K, reserved 1148928K
  class space    used 14133K, capacity 15180K, committed 15232K, reserved 1048576K
}
Event: 42.116 GC heap after
{Heap after GC invocations=72 (full 0):
 garbage-first heap   total 187392K, used 163587K [0x00000000b5000000, 0x0000000100000000)
  region size 1024K, 2 young (2048K), 2 survivors (2048K)
 Metaspace       used 111726K, capacity 114633K, committed 114824K, reserved 1148928K
  class space    used 14133K, capacity 15180K, committed 15232K, reserved 1048576K
}
Event: 42.144 GC heap before
{Heap before GC invocations=72 (full 0):
 garbage-first heap   total 187392K, used 169731K [0x00000000b5000000, 0x0000000100000000)
  region size 1024K, 9 young (9216K), 2 survivors (2048K)
 Metaspace       used 111816K, capacity 114712K, committed 114824K, reserved 1148928K
  class space    used 14141K, capacity 15185K, committed 15232K, reserved 1048576K
}
Event: 42.149 GC heap after
{Heap after GC invocations=73 (full 0):
 garbage-first heap   total 187392K, used 166155K [0x00000000b5000000, 0x0000000100000000)
  region size 1024K, 2 young (2048K), 2 survivors (2048K)
 Metaspace       used 111816K, capacity 114712K, committed 114824K, reserved 1148928K
  class space    used 14141K, capacity 15185K, committed 15232K, reserved 1048576K
}
Event: 42.178 GC heap before
{Heap before GC invocations=73 (full 0):
 garbage-first heap   total 187392K, used 171275K [0x00000000b5000000, 0x0000000100000000)
  region size 1024K, 9 young (9216K), 2 survivors (2048K)
 Metaspace       used 111779K, capacity 114688K, committed 115080K, reserved 1148928K
  class space    used 14126K, capacity 15153K, committed 15232K, reserved 1048576K
}
Event: 42.184 GC heap after
{Heap after GC invocations=74 (full 0):
 garbage-first heap   total 187392K, used 166553K [0x00000000b5000000, 0x0000000100000000)
  region size 1024K, 2 young (2048K), 2 survivors (2048K)
 Metaspace       used 111779K, capacity 114688K, committed 115080K, reserved 1148928K
  class space    used 14126K, capacity 15153K, committed 15232K, reserved 1048576K
}
Event: 42.205 GC heap before
{Heap before GC invocations=74 (full 0):
 garbage-first heap   total 187392K, used 174745K [0x00000000b5000000, 0x0000000100000000)
  region size 1024K, 9 young (9216K), 2 survivors (2048K)
 Metaspace       used 111792K, capacity 114721K, committed 115080K, reserved 1148928K
  class space    used 14128K, capacity 15185K, committed 15232K, reserved 1048576K
}
Event: 42.213 GC heap after
{Heap after GC invocations=75 (full 0):
 garbage-first heap   total 187392K, used 170056K [0x00000000b5000000, 0x0000000100000000)
  region size 1024K, 2 young (2048K), 2 survivors (2048K)
 Metaspace       used 111792K, capacity 114721K, committed 115080K, reserved 1148928K
  class space    used 14128K, capacity 15185K, committed 15232K, reserved 1048576K
}
Event: 42.235 GC heap before
{Heap before GC invocations=76 (full 0):
 garbage-first heap   total 187392K, used 176200K [0x00000000b5000000, 0x0000000100000000)
  region size 1024K, 9 young (9216K), 2 survivors (2048K)
 Metaspace       used 111802K, capacity 114721K, committed 115080K, reserved 1148928K
  class space    used 14129K, capacity 15185K, committed 15232K, reserved 1048576K
}
Event: 42.243 GC heap after
{Heap after GC invocations=77 (full 0):
 garbage-first heap   total 254976K, used 172563K [0x00000000b5000000, 0x0000000100000000)
  region size 1024K, 2 young (2048K), 2 survivors (2048K)
 Metaspace       used 111802K, capacity 114721K, committed 115080K, reserved 1148928K
  class space    used 14129K, capacity 15185K, committed 15232K, reserved 1048576K
}
Event: 42.282 GC heap before
{Heap before GC invocations=77 (full 0):
 garbage-first heap   total 254976K, used 182803K [0x00000000b5000000, 0x0000000100000000)
  region size 1024K, 12 young (12288K), 2 survivors (2048K)
 Metaspace       used 112461K, capacity 115393K, committed 115720K, reserved 1150976K
  class space    used 14228K, capacity 15281K, committed 15360K, reserved 1048576K
}
Event: 42.289 GC heap after
{Heap after GC invocations=78 (full 0):
 garbage-first heap   total 254976K, used 176644K [0x00000000b5000000, 0x0000000100000000)
  region size 1024K, 2 young (2048K), 2 survivors (2048K)
 Metaspace       used 112461K, capacity 115393K, committed 115720K, reserved 1150976K
  class space    used 14228K, capacity 15281K, committed 15360K, reserved 1048576K
}
Event: 42.383 GC heap before
{Heap before GC invocations=78 (full 0):
 garbage-first heap   total 254976K, used 196100K [0x00000000b5000000, 0x0000000100000000)
  region size 1024K, 22 young (22528K), 2 survivors (2048K)
 Metaspace       used 114908K, capacity 117974K, committed 118152K, reserved 1150976K
  class space    used 14748K, capacity 15924K, committed 16000K, reserved 1048576K
}
Event: 42.390 GC heap after
{Heap after GC invocations=79 (full 0):
 garbage-first heap   total 254976K, used 181805K [0x00000000b5000000, 0x0000000100000000)
  region size 1024K, 3 young (3072K), 3 survivors (3072K)
 Metaspace       used 114908K, capacity 117974K, committed 118152K, reserved 1150976K
  class space    used 14748K, capacity 15924K, committed 16000K, reserved 1048576K
}
Event: 42.530 GC heap before
{Heap before GC invocations=79 (full 0):
 garbage-first heap   total 254976K, used 202285K [0x00000000b5000000, 0x0000000100000000)
  region size 1024K, 23 young (23552K), 3 survivors (3072K)
 Metaspace       used 115524K, capacity 118597K, committed 118792K, reserved 1153024K
  class space    used 14847K, capacity 16024K, committed 16128K, reserved 1048576K
}
Event: 42.541 GC heap after
{Heap after GC invocations=80 (full 0):
 garbage-first heap   total 254976K, used 192297K [0x00000000b5000000, 0x0000000100000000)
  region size 1024K, 3 young (3072K), 3 survivors (3072K)
 Metaspace       used 115524K, capacity 118597K, committed 118792K, reserved 1153024K
  class space    used 14847K, capacity 16024K, committed 16128K, reserved 1048576K
}
Event: 42.584 GC heap before
{Heap before GC invocations=80 (full 0):
 garbage-first heap   total 254976K, used 207657K [0x00000000b5000000, 0x0000000100000000)
  region size 1024K, 19 young (19456K), 3 survivors (3072K)
 Metaspace       used 115644K, capacity 118762K, committed 119048K, reserved 1153024K
  class space    used 14865K, capacity 16058K, committed 16128K, reserved 1048576K
}

