# JRE version: OpenJDK Runtime Environment (11.0.8+10) (build 11.0.8+10-b944.6842174)
# Java VM: OpenJDK 64-Bit Server VM (11.0.8+10-b944.6842174, mixed mode, tiered, compressed oops, g1 gc, windows-amd64)
Heap:
 garbage-first heap   total 466944K, used 200998K [0x00000000b5000000, 0x0000000100000000)
  region size 1024K, 4 young (4096K), 4 survivors (4096K)
 Metaspace       used 100924K, capacity 103571K, committed 103816K, reserved 1138688K
  class space    used 13116K, capacity 14145K, committed 14208K, reserved 1048576K
GC Heap History (20 events):
Event: 14.100 GC heap after
{Heap after GC invocations=48 (full 0):
 garbage-first heap   total 155648K, used 121542K [0x00000000b5000000, 0x0000000100000000)
  region size 1024K, 4 young (4096K), 4 survivors (4096K)
 Metaspace       used 94161K, capacity 96396K, committed 96648K, reserved 1132544K
  class space    used 12073K, capacity 12925K, committed 12928K, reserved 1048576K
}
Event: 14.129 GC heap before
{Heap before GC invocations=48 (full 0):
 garbage-first heap   total 155648K, used 132806K [0x00000000b5000000, 0x0000000100000000)
  region size 1024K, 16 young (16384K), 4 survivors (4096K)
 Metaspace       used 94460K, capacity 96685K, committed 97032K, reserved 1134592K
  class space    used 12103K, capacity 12957K, committed 13056K, reserved 1048576K
}
Event: 14.134 GC heap after
{Heap after GC invocations=49 (full 0):
 garbage-first heap   total 155648K, used 125211K [0x00000000b5000000, 0x0000000100000000)
  region size 1024K, 2 young (2048K), 2 survivors (2048K)
 Metaspace       used 94460K, capacity 96685K, committed 97032K, reserved 1134592K
  class space    used 12103K, capacity 12957K, committed 13056K, reserved 1048576K
}
Event: 14.165 GC heap before
{Heap before GC invocations=49 (full 0):
 garbage-first heap   total 155648K, used 132379K [0x00000000b5000000, 0x0000000100000000)
  region size 1024K, 10 young (10240K), 2 survivors (2048K)
 Metaspace       used 94702K, capacity 96941K, committed 97288K, reserved 1134592K
  class space    used 12127K, capacity 12957K, committed 13056K, reserved 1048576K
}
Event: 14.170 GC heap after
{Heap after GC invocations=50 (full 0):
 garbage-first heap   total 187392K, used 128218K [0x00000000b5000000, 0x0000000100000000)
  region size 1024K, 2 young (2048K), 2 survivors (2048K)
 Metaspace       used 94702K, capacity 96941K, committed 97288K, reserved 1134592K
  class space    used 12127K, capacity 12957K, committed 13056K, reserved 1048576K
}
Event: 14.258 GC heap before
{Heap before GC invocations=51 (full 0):
 garbage-first heap   total 187392K, used 150746K [0x00000000b5000000, 0x0000000100000000)
  region size 1024K, 23 young (23552K), 2 survivors (2048K)
 Metaspace       used 95046K, capacity 97375K, committed 97544K, reserved 1134592K
  class space    used 12182K, capacity 13037K, committed 13056K, reserved 1048576K
}
Event: 14.270 GC heap after
{Heap after GC invocations=52 (full 0):
 garbage-first heap   total 187392K, used 136961K [0x00000000b5000000, 0x0000000100000000)
  region size 1024K, 3 young (3072K), 3 survivors (3072K)
 Metaspace       used 95046K, capacity 97375K, committed 97544K, reserved 1134592K
  class space    used 12182K, capacity 13037K, committed 13056K, reserved 1048576K
}
Event: 14.330 GC heap before
{Heap before GC invocations=52 (full 0):
 garbage-first heap   total 187392K, used 154369K [0x00000000b5000000, 0x0000000100000000)
  region size 1024K, 19 young (19456K), 3 survivors (3072K)
 Metaspace       used 96002K, capacity 98403K, committed 98568K, reserved 1134592K
  class space    used 12391K, capacity 13278K, committed 13312K, reserved 1048576K
}
Event: 14.338 GC heap after
{Heap after GC invocations=53 (full 0):
 garbage-first heap   total 187392K, used 142297K [0x00000000b5000000, 0x0000000100000000)
  region size 1024K, 3 young (3072K), 3 survivors (3072K)
 Metaspace       used 96002K, capacity 98403K, committed 98568K, reserved 1134592K
  class space    used 12391K, capacity 13278K, committed 13312K, reserved 1048576K
}
Event: 14.401 GC heap before
{Heap before GC invocations=53 (full 0):
 garbage-first heap   total 187392K, used 155609K [0x00000000b5000000, 0x0000000100000000)
  region size 1024K, 17 young (17408K), 3 survivors (3072K)
 Metaspace       used 97151K, capacity 99548K, committed 99848K, reserved 1136640K
  class space    used 12574K, capacity 13488K, committed 13568K, reserved 1048576K
}
Event: 14.409 GC heap after
{Heap after GC invocations=54 (full 0):
 garbage-first heap   total 187392K, used 148144K [0x00000000b5000000, 0x0000000100000000)
  region size 1024K, 3 young (3072K), 3 survivors (3072K)
 Metaspace       used 97151K, capacity 99548K, committed 99848K, reserved 1136640K
  class space    used 12574K, capacity 13488K, committed 13568K, reserved 1048576K
}
Event: 14.437 GC heap before
{Heap before GC invocations=54 (full 0):
 garbage-first heap   total 187392K, used 158384K [0x00000000b5000000, 0x0000000100000000)
  region size 1024K, 13 young (13312K), 3 survivors (3072K)
 Metaspace       used 97422K, capacity 99750K, committed 99848K, reserved 1136640K
  class space    used 12593K, capacity 13488K, committed 13568K, reserved 1048576K
}
Event: 14.444 GC heap after
{Heap after GC invocations=55 (full 0):
 garbage-first heap   total 276480K, used 153590K [0x00000000b5000000, 0x0000000100000000)
  region size 1024K, 2 young (2048K), 2 survivors (2048K)
 Metaspace       used 97422K, capacity 99750K, committed 99848K, reserved 1136640K
  class space    used 12593K, capacity 13488K, committed 13568K, reserved 1048576K
}
Event: 14.631 GC heap before
{Heap before GC invocations=56 (full 0):
 garbage-first heap   total 276480K, used 187382K [0x00000000b5000000, 0x0000000100000000)
  region size 1024K, 36 young (36864K), 2 survivors (2048K)
 Metaspace       used 97594K, capacity 99970K, committed 100104K, reserved 1136640K
  class space    used 12604K, capacity 13492K, committed 13568K, reserved 1048576K
}
Event: 14.647 GC heap after
{Heap after GC invocations=57 (full 0):
 garbage-first heap   total 276480K, used 172793K [0x00000000b5000000, 0x0000000100000000)
  region size 1024K, 5 young (5120K), 5 survivors (5120K)
 Metaspace       used 97594K, capacity 99970K, committed 100104K, reserved 1136640K
  class space    used 12604K, capacity 13492K, committed 13568K, reserved 1048576K
}
Event: 14.729 GC heap before
{Heap before GC invocations=57 (full 0):
 garbage-first heap   total 276480K, used 201465K [0x00000000b5000000, 0x0000000100000000)
  region size 1024K, 33 young (33792K), 5 survivors (5120K)
 Metaspace       used 98450K, capacity 100955K, committed 101000K, reserved 1136640K
  class space    used 12737K, capacity 13667K, committed 13696K, reserved 1048576K
}
Event: 14.743 GC heap after
{Heap after GC invocations=58 (full 0):
 garbage-first heap   total 276480K, used 188416K [0x00000000b5000000, 0x0000000100000000)
  region size 1024K, 5 young (5120K), 5 survivors (5120K)
 Metaspace       used 98450K, capacity 100955K, committed 101000K, reserved 1136640K
  class space    used 12737K, capacity 13667K, committed 13696K, reserved 1048576K
}
Event: 14.916 GC heap before
{Heap before GC invocations=58 (full 0):
 garbage-first heap   total 276480K, used 212992K [0x00000000b5000000, 0x0000000100000000)
  region size 1024K, 29 young (29696K), 5 survivors (5120K)
 Metaspace       used 100687K, capacity 103351K, committed 103560K, reserved 1138688K
  class space    used 13086K, capacity 14094K, committed 14208K, reserved 1048576K
}
Event: 14.928 GC heap after
{Heap after GC invocations=59 (full 0):
 garbage-first heap   total 276480K, used 196053K [0x00000000b5000000, 0x0000000100000000)
  region size 1024K, 4 young (4096K), 4 survivors (4096K)
 Metaspace       used 100687K, capacity 103351K, committed 103560K, reserved 1138688K
  class space    used 13086K, capacity 14094K, committed 14208K, reserved 1048576K
}
Event: 15.017 GC heap before
{Heap before GC invocations=59 (full 0):
 garbage-first heap   total 276480K, used 218581K [0x00000000b5000000, 0x0000000100000000)
  region size 1024K, 27 young (27648K), 4 survivors (4096K)
 Metaspace       used 100924K, capacity 103571K, committed 103816K, reserved 1138688K
  class space    used 13116K, capacity 14145K, committed 14208K, reserved 1048576K
}

