# JRE version: OpenJDK Runtime Environment (11.0.8+10) (build 11.0.8+10-b944.6842174)
# Java VM: OpenJDK 64-Bit Server VM (11.0.8+10-b944.6842174, mixed mode, tiered, compressed oops, g1 gc, windows-amd64)
Heap:
 garbage-first heap   total 405504K, used 217772K [0x00000000b5000000, 0x0000000100000000)
  region size 1024K, 53 young (54272K), 13 survivors (13312K)
 Metaspace       used 157276K, capacity 161078K, committed 161224K, reserved 1189888K
  class space    used 19648K, capacity 21108K, committed 21120K, reserved 1048576K
GC Heap History (20 events):
Event: 40.411 GC heap before
{Heap before GC invocations=95 (full 0):
 garbage-first heap   total 405504K, used 187171K [0x00000000b5000000, 0x0000000100000000)
  region size 1024K, 19 young (19456K), 12 survivors (12288K)
 Metaspace       used 148501K, capacity 152039K, committed 152136K, reserved 1181696K
  class space    used 19027K, capacity 20386K, committed 20480K, reserved 1048576K
}
Event: 40.420 GC heap after
{Heap after GC invocations=96 (full 0):
 garbage-first heap   total 405504K, used 144471K [0x00000000b5000000, 0x0000000100000000)
  region size 1024K, 2 young (2048K), 2 survivors (2048K)
 Metaspace       used 148501K, capacity 152039K, committed 152136K, reserved 1181696K
  class space    used 19027K, capacity 20386K, committed 20480K, reserved 1048576K
}
Event: 41.637 GC heap before
{Heap before GC invocations=96 (full 0):
 garbage-first heap   total 405504K, used 299095K [0x00000000b5000000, 0x0000000100000000)
  region size 1024K, 154 young (157696K), 2 survivors (2048K)
 Metaspace       used 150329K, capacity 153946K, committed 154056K, reserved 1183744K
  class space    used 19134K, capacity 20522K, committed 20608K, reserved 1048576K
}
Event: 41.643 GC heap after
{Heap after GC invocations=97 (full 0):
 garbage-first heap   total 405504K, used 150434K [0x00000000b5000000, 0x0000000100000000)
  region size 1024K, 8 young (8192K), 8 survivors (8192K)
 Metaspace       used 150329K, capacity 153946K, committed 154056K, reserved 1183744K
  class space    used 19134K, capacity 20522K, committed 20608K, reserved 1048576K
}
Event: 44.895 GC heap before
{Heap before GC invocations=97 (full 0):
 garbage-first heap   total 405504K, used 235426K [0x00000000b5000000, 0x0000000100000000)
  region size 1024K, 93 young (95232K), 8 survivors (8192K)
 Metaspace       used 150532K, capacity 154146K, committed 154312K, reserved 1183744K
  class space    used 19135K, capacity 20523K, committed 20608K, reserved 1048576K
}
Event: 44.901 GC heap after
{Heap after GC invocations=98 (full 0):
 garbage-first heap   total 405504K, used 148343K [0x00000000b5000000, 0x0000000100000000)
  region size 1024K, 6 young (6144K), 6 survivors (6144K)
 Metaspace       used 150532K, capacity 154146K, committed 154312K, reserved 1183744K
  class space    used 19135K, capacity 20523K, committed 20608K, reserved 1048576K
}
Event: 45.852 GC heap before
{Heap before GC invocations=99 (full 0):
 garbage-first heap   total 405504K, used 333687K [0x00000000b5000000, 0x0000000100000000)
  region size 1024K, 182 young (186368K), 6 survivors (6144K)
 Metaspace       used 151189K, capacity 154840K, committed 155208K, reserved 1183744K
  class space    used 19190K, capacity 20611K, committed 20736K, reserved 1048576K
}
Event: 45.874 GC heap after
{Heap after GC invocations=100 (full 0):
 garbage-first heap   total 405504K, used 172951K [0x00000000b5000000, 0x0000000100000000)
  region size 1024K, 23 young (23552K), 23 survivors (23552K)
 Metaspace       used 151189K, capacity 154840K, committed 155208K, reserved 1183744K
  class space    used 19190K, capacity 20611K, committed 20736K, reserved 1048576K
}
Event: 45.876 GC heap before
{Heap before GC invocations=100 (full 0):
 garbage-first heap   total 405504K, used 173975K [0x00000000b5000000, 0x0000000100000000)
  region size 1024K, 24 young (24576K), 23 survivors (23552K)
 Metaspace       used 151189K, capacity 154840K, committed 155208K, reserved 1183744K
  class space    used 19190K, capacity 20611K, committed 20736K, reserved 1048576K
}
Event: 45.894 GC heap after
{Heap after GC invocations=101 (full 0):
 garbage-first heap   total 405504K, used 174240K [0x00000000b5000000, 0x0000000100000000)
  region size 1024K, 3 young (3072K), 3 survivors (3072K)
 Metaspace       used 151189K, capacity 154840K, committed 155208K, reserved 1183744K
  class space    used 19190K, capacity 20611K, committed 20736K, reserved 1048576K
}
Event: 46.324 GC heap before
{Heap before GC invocations=101 (full 0):
 garbage-first heap   total 405504K, used 324768K [0x00000000b5000000, 0x0000000100000000)
  region size 1024K, 145 young (148480K), 3 survivors (3072K)
 Metaspace       used 151462K, capacity 155114K, committed 155464K, reserved 1183744K
  class space    used 19194K, capacity 20611K, committed 20736K, reserved 1048576K
}
Event: 46.339 GC heap after
{Heap after GC invocations=102 (full 0):
 garbage-first heap   total 405504K, used 189068K [0x00000000b5000000, 0x0000000100000000)
  region size 1024K, 15 young (15360K), 15 survivors (15360K)
 Metaspace       used 151462K, capacity 155114K, committed 155464K, reserved 1183744K
  class space    used 19194K, capacity 20611K, committed 20736K, reserved 1048576K
}
Event: 46.493 GC heap before
{Heap before GC invocations=102 (full 0):
 garbage-first heap   total 405504K, used 233100K [0x00000000b5000000, 0x0000000100000000)
  region size 1024K, 59 young (60416K), 15 survivors (15360K)
 Metaspace       used 151517K, capacity 155121K, committed 155464K, reserved 1183744K
  class space    used 19195K, capacity 20613K, committed 20736K, reserved 1048576K
}
Event: 46.498 GC heap after
{Heap after GC invocations=103 (full 0):
 garbage-first heap   total 405504K, used 177951K [0x00000000b5000000, 0x0000000100000000)
  region size 1024K, 2 young (2048K), 2 survivors (2048K)
 Metaspace       used 151517K, capacity 155121K, committed 155464K, reserved 1183744K
  class space    used 19195K, capacity 20613K, committed 20736K, reserved 1048576K
}
Event: 297.998 GC heap before
{Heap before GC invocations=104 (full 0):
 garbage-first heap   total 405504K, used 355987K [0x00000000b5000000, 0x0000000100000000)
  region size 1024K, 148 young (151552K), 2 survivors (2048K)
 Metaspace       used 157128K, capacity 160928K, committed 160968K, reserved 1189888K
  class space    used 19643K, capacity 21101K, committed 21120K, reserved 1048576K
}
Event: 298.116 GC heap after
{Heap after GC invocations=105 (full 0):
 garbage-first heap   total 405504K, used 183296K [0x00000000b5000000, 0x0000000100000000)
  region size 1024K, 13 young (13312K), 13 survivors (13312K)
 Metaspace       used 157128K, capacity 160928K, committed 160968K, reserved 1189888K
  class space    used 19643K, capacity 21101K, committed 21120K, reserved 1048576K
}
Event: 298.634 GC heap before
{Heap before GC invocations=105 (full 0):
 garbage-first heap   total 405504K, used 188416K [0x00000000b5000000, 0x0000000100000000)
  region size 1024K, 19 young (19456K), 13 survivors (13312K)
 Metaspace       used 157129K, capacity 160928K, committed 160968K, reserved 1189888K
  class space    used 19643K, capacity 21101K, committed 21120K, reserved 1048576K
}
Event: 298.773 GC heap after
{Heap after GC invocations=106 (full 0):
 garbage-first heap   total 405504K, used 160308K [0x00000000b5000000, 0x0000000100000000)
  region size 1024K, 2 young (2048K), 2 survivors (2048K)
 Metaspace       used 157129K, capacity 160928K, committed 160968K, reserved 1189888K
  class space    used 19643K, capacity 21101K, committed 21120K, reserved 1048576K
}
Event: 302.277 GC heap before
{Heap before GC invocations=106 (full 0):
 garbage-first heap   total 405504K, used 292404K [0x00000000b5000000, 0x0000000100000000)
  region size 1024K, 133 young (136192K), 2 survivors (2048K)
 Metaspace       used 157235K, capacity 161010K, committed 161224K, reserved 1189888K
  class space    used 19647K, capacity 21107K, committed 21120K, reserved 1048576K
}
Event: 302.293 GC heap after
{Heap after GC invocations=107 (full 0):
 garbage-first heap   total 405504K, used 171692K [0x00000000b5000000, 0x0000000100000000)
  region size 1024K, 13 young (13312K), 13 survivors (13312K)
 Metaspace       used 157235K, capacity 161010K, committed 161224K, reserved 1189888K
  class space    used 19647K, capacity 21107K, committed 21120K, reserved 1048576K
}

