# JRE version: OpenJDK Runtime Environment (11.0.8+10) (build 11.0.8+10-b944.6842174)
# Java VM: OpenJDK 64-Bit Server VM (11.0.8+10-b944.6842174, mixed mode, tiered, compressed oops, g1 gc, windows-amd64)
Heap:
 garbage-first heap   total 662528K, used 197305K [0x00000000b5000000, 0x0000000100000000)
  region size 1024K, 2 young (2048K), 2 survivors (2048K)
 Metaspace       used 96827K, capacity 99292K, committed 99592K, reserved 1136640K
  class space    used 12561K, capacity 13524K, committed 13568K, reserved 1048576K
GC Heap History (20 events):
Event: 19.688 GC heap after
{Heap after GC invocations=61 (full 0):
 garbage-first heap   total 155648K, used 120832K [0x00000000b5000000, 0x0000000100000000)
  region size 1024K, 2 young (2048K), 2 survivors (2048K)
 Metaspace       used 90432K, capacity 92699K, committed 92936K, reserved 1130496K
  class space    used 11669K, capacity 12530K, committed 12544K, reserved 1048576K
}
Event: 19.727 GC heap before
{Heap before GC invocations=61 (full 0):
 garbage-first heap   total 155648K, used 131072K [0x00000000b5000000, 0x0000000100000000)
  region size 1024K, 12 young (12288K), 2 survivors (2048K)
 Metaspace       used 90634K, capacity 92923K, committed 93064K, reserved 1130496K
  class space    used 11698K, capacity 12562K, committed 12672K, reserved 1048576K
}
Event: 19.736 GC heap after
{Heap after GC invocations=62 (full 0):
 garbage-first heap   total 155648K, used 125149K [0x00000000b5000000, 0x0000000100000000)
  region size 1024K, 2 young (2048K), 2 survivors (2048K)
 Metaspace       used 90634K, capacity 92923K, committed 93064K, reserved 1130496K
  class space    used 11698K, capacity 12562K, committed 12672K, reserved 1048576K
}
Event: 19.775 GC heap before
{Heap before GC invocations=62 (full 0):
 garbage-first heap   total 155648K, used 133341K [0x00000000b5000000, 0x0000000100000000)
  region size 1024K, 9 young (9216K), 2 survivors (2048K)
 Metaspace       used 90653K, capacity 92923K, committed 93064K, reserved 1130496K
  class space    used 11702K, capacity 12562K, committed 12672K, reserved 1048576K
}
Event: 19.781 GC heap after
{Heap after GC invocations=63 (full 0):
 garbage-first heap   total 196608K, used 128765K [0x00000000b5000000, 0x0000000100000000)
  region size 1024K, 2 young (2048K), 2 survivors (2048K)
 Metaspace       used 90653K, capacity 92923K, committed 93064K, reserved 1130496K
  class space    used 11702K, capacity 12562K, committed 12672K, reserved 1048576K
}
Event: 19.874 GC heap before
{Heap before GC invocations=64 (full 0):
 garbage-first heap   total 196608K, used 149245K [0x00000000b5000000, 0x0000000100000000)
  region size 1024K, 22 young (22528K), 2 survivors (2048K)
 Metaspace       used 91828K, capacity 94184K, committed 94216K, reserved 1130496K
  class space    used 11877K, capacity 12775K, committed 12800K, reserved 1048576K
}
Event: 19.884 GC heap after
{Heap after GC invocations=65 (full 0):
 garbage-first heap   total 196608K, used 134962K [0x00000000b5000000, 0x0000000100000000)
  region size 1024K, 3 young (3072K), 3 survivors (3072K)
 Metaspace       used 91828K, capacity 94184K, committed 94216K, reserved 1130496K
  class space    used 11877K, capacity 12775K, committed 12800K, reserved 1048576K
}
Event: 20.022 GC heap before
{Heap before GC invocations=65 (full 0):
 garbage-first heap   total 196608K, used 153394K [0x00000000b5000000, 0x0000000100000000)
  region size 1024K, 21 young (21504K), 3 survivors (3072K)
 Metaspace       used 93464K, capacity 95822K, committed 96136K, reserved 1132544K
  class space    used 12168K, capacity 13082K, committed 13184K, reserved 1048576K
}
Event: 20.033 GC heap after
{Heap after GC invocations=66 (full 0):
 garbage-first heap   total 196608K, used 141782K [0x00000000b5000000, 0x0000000100000000)
  region size 1024K, 3 young (3072K), 3 survivors (3072K)
 Metaspace       used 93464K, capacity 95822K, committed 96136K, reserved 1132544K
  class space    used 12168K, capacity 13082K, committed 13184K, reserved 1048576K
}
Event: 20.112 GC heap before
{Heap before GC invocations=66 (full 0):
 garbage-first heap   total 196608K, used 157142K [0x00000000b5000000, 0x0000000100000000)
  region size 1024K, 19 young (19456K), 3 survivors (3072K)
 Metaspace       used 93522K, capacity 95886K, committed 96136K, reserved 1132544K
  class space    used 12173K, capacity 13082K, committed 13184K, reserved 1048576K
}
Event: 20.119 GC heap after
{Heap after GC invocations=67 (full 0):
 garbage-first heap   total 196608K, used 150528K [0x00000000b5000000, 0x0000000100000000)
  region size 1024K, 3 young (3072K), 3 survivors (3072K)
 Metaspace       used 93522K, capacity 95886K, committed 96136K, reserved 1132544K
  class space    used 12173K, capacity 13082K, committed 13184K, reserved 1048576K
}
Event: 20.176 GC heap before
{Heap before GC invocations=67 (full 0):
 garbage-first heap   total 196608K, used 162816K [0x00000000b5000000, 0x0000000100000000)
  region size 1024K, 15 young (15360K), 3 survivors (3072K)
 Metaspace       used 93529K, capacity 95886K, committed 96136K, reserved 1132544K
  class space    used 12173K, capacity 13082K, committed 13184K, reserved 1048576K
}
Event: 20.238 GC heap after
{Heap after GC invocations=68 (full 0):
 garbage-first heap   total 349184K, used 158460K [0x00000000b5000000, 0x0000000100000000)
  region size 1024K, 2 young (2048K), 2 survivors (2048K)
 Metaspace       used 93529K, capacity 95886K, committed 96136K, reserved 1132544K
  class space    used 12173K, capacity 13082K, committed 13184K, reserved 1048576K
}
Event: 20.604 GC heap before
{Heap before GC invocations=69 (full 0):
 garbage-first heap   total 349184K, used 211708K [0x00000000b5000000, 0x0000000100000000)
  region size 1024K, 55 young (56320K), 2 survivors (2048K)
 Metaspace       used 94030K, capacity 96424K, committed 96648K, reserved 1132544K
  class space    used 12223K, capacity 13128K, committed 13184K, reserved 1048576K
}
Event: 20.626 GC heap after
{Heap after GC invocations=70 (full 0):
 garbage-first heap   total 349184K, used 186432K [0x00000000b5000000, 0x0000000100000000)
  region size 1024K, 7 young (7168K), 7 survivors (7168K)
 Metaspace       used 94030K, capacity 96424K, committed 96648K, reserved 1132544K
  class space    used 12223K, capacity 13128K, committed 13184K, reserved 1048576K
}
Event: 21.113 GC heap before
{Heap before GC invocations=70 (full 0):
 garbage-first heap   total 349184K, used 232512K [0x00000000b5000000, 0x0000000100000000)
  region size 1024K, 53 young (54272K), 7 survivors (7168K)
 Metaspace       used 96032K, capacity 98479K, committed 98824K, reserved 1134592K
  class space    used 12504K, capacity 13456K, committed 13568K, reserved 1048576K
}
Event: 21.141 GC heap after
{Heap after GC invocations=71 (full 0):
 garbage-first heap   total 349184K, used 195584K [0x00000000b5000000, 0x0000000100000000)
  region size 1024K, 7 young (7168K), 7 survivors (7168K)
 Metaspace       used 96032K, capacity 98479K, committed 98824K, reserved 1134592K
  class space    used 12504K, capacity 13456K, committed 13568K, reserved 1048576K
}
Event: 21.748 GC heap before
{Heap before GC invocations=72 (full 0):
 garbage-first heap   total 349184K, used 239616K [0x00000000b5000000, 0x0000000100000000)
  region size 1024K, 55 young (56320K), 7 survivors (7168K)
 Metaspace       used 96675K, capacity 99065K, committed 99336K, reserved 1134592K
  class space    used 12532K, capacity 13491K, committed 13568K, reserved 1048576K
}
Event: 21.764 GC heap after
{Heap after GC invocations=73 (full 0):
 garbage-first heap   total 349184K, used 197078K [0x00000000b5000000, 0x0000000100000000)
  region size 1024K, 6 young (6144K), 6 survivors (6144K)
 Metaspace       used 96675K, capacity 99065K, committed 99336K, reserved 1134592K
  class space    used 12532K, capacity 13491K, committed 13568K, reserved 1048576K
}
Event: 21.842 GC heap before
{Heap before GC invocations=73 (full 0):
 garbage-first heap   total 349184K, used 209366K [0x00000000b5000000, 0x0000000100000000)
  region size 1024K, 17 young (17408K), 6 survivors (6144K)
 Metaspace       used 96827K, capacity 99292K, committed 99592K, reserved 1136640K
  class space    used 12561K, capacity 13524K, committed 13568K, reserved 1048576K
}

